app/build/intermediates/manifest_merge_blame_file/debug/manifest-merger-blame-debug-report.txt
1<?xml version="1.0" encoding="utf-8"?>
2<manifest xmlns:android="http://schemas.android.com/apk/res/android"
3    package="com.example.beekeeper"
4    android:versionCode="1"
5    android:versionName="1.0" >
6
7    <uses-sdk
8        android:minSdkVersion="16"
8-->src\main\AndroidManifest.xml
9        android:targetSdkVersion="30" />
9-->src\main\AndroidManifest.xml
10
11    <uses-permission android:name="android.permission.ACCESS_FINE_LOCATION" />
11-->src\main\AndroidManifest.xml:4:5-79
11-->src\main\AndroidManifest.xml:4:22-76
12    <uses-permission android:name="android.permission.ACCESS_COARSE_LOCATION" />
12-->src\main\AndroidManifest.xml:5:5-81
12-->src\main\AndroidManifest.xml:5:22-78
13    <uses-permission android:name="android.permission.ACTIVITY_RECOGNITION" />
13-->src\main\AndroidManifest.xml:6:5-79
13-->src\main\AndroidManifest.xml:6:22-76
14    <uses-permission android:name="android.permission.ACCESS_NETWORK_STATE" />
14-->src\main\AndroidManifest.xml:7:5-79
14-->src\main\AndroidManifest.xml:7:22-76
15    <uses-permission android:name="android.permission.INTERNET" />
15-->src\main\AndroidManifest.xml:8:5-67
15-->src\main\AndroidManifest.xml:8:22-64
16
17    <application
17-->src\main\AndroidManifest.xml:10:5-33:19
18        android:allowBackup="true"
18-->src\main\AndroidManifest.xml:11:9-35
19        android:appComponentFactory="androidx.core.app.CoreComponentFactory"
19-->[androidx.core:core:1.3.2] AndroidManifest.xml:24:18-86
20        android:debuggable="true"
21        android:icon="@mipmap/ic_launcher"
21-->src\main\AndroidManifest.xml:12:9-43
22        android:label="@string/app_name"
22-->src\main\AndroidManifest.xml:13:9-41
23        android:roundIcon="@mipmap/ic_launcher_round"
23-->src\main\AndroidManifest.xml:14:9-54
24        android:supportsRtl="true"
24-->src\main\AndroidManifest.xml:15:9-35
25        android:theme="@style/Theme.BeeKeeper" >
25-->src\main\AndroidManifest.xml:16:9-47
26        <activity
26-->src\main\AndroidManifest.xml:17:9-20:75
27            android:name="com.example.beekeeper.MainActivity"
27-->src\main\AndroidManifest.xml:18:13-41
28            android:label="@string/title_activity_main"
28-->src\main\AndroidManifest.xml:19:13-56
29            android:theme="@style/Theme.BeeKeeper.NoActionBar" />
29-->src\main\AndroidManifest.xml:20:13-63
30        <activity android:name="com.example.beekeeper.login.LoginActivity" />
30-->src\main\AndroidManifest.xml:21:9-57
30-->src\main\AndroidManifest.xml:21:19-54
31        <activity
31-->src\main\AndroidManifest.xml:22:9-32:20
32            android:name="com.example.beekeeper.FullscreenActivity"
32-->src\main\AndroidManifest.xml:23:13-47
33            android:configChanges="orientation|keyboardHidden|screenSize"
33-->src\main\AndroidManifest.xml:24:13-74
34            android:label="@string/app_name"
34-->src\main\AndroidManifest.xml:25:13-45
35            android:theme="@style/Theme.BeeKeeper.Fullscreen" >
35-->src\main\AndroidManifest.xml:26:13-62
36            <intent-filter>
36-->src\main\AndroidManifest.xml:27:13-31:29
37                <action android:name="android.intent.action.MAIN" />
37-->src\main\AndroidManifest.xml:28:17-69
37-->src\main\AndroidManifest.xml:28:25-66
38
39                <category android:name="android.intent.category.LAUNCHER" />
39-->src\main\AndroidManifest.xml:30:17-77
39-->src\main\AndroidManifest.xml:30:27-74
40            </intent-filter>
41        </activity>
42        <activity
42-->[com.google.android.gms:play-services-base:17.0.0] AndroidManifest.xml:23:9-26:75
43            android:name="com.google.android.gms.common.api.GoogleApiActivity"
43-->[com.google.android.gms:play-services-base:17.0.0] AndroidManifest.xml:24:13-79
44            android:exported="false"
44-->[com.google.android.gms:play-services-base:17.0.0] AndroidManifest.xml:25:13-37
45            android:theme="@android:style/Theme.Translucent.NoTitleBar" />
45-->[com.google.android.gms:play-services-base:17.0.0] AndroidManifest.xml:26:13-72
46
47        <meta-data
47-->[com.google.android.gms:play-services-basement:17.0.0] AndroidManifest.xml:23:9-25:69
48            android:name="com.google.android.gms.version"
48-->[com.google.android.gms:play-services-basement:17.0.0] AndroidManifest.xml:24:13-58
49            android:value="@integer/google_play_services_version" />
49-->[com.google.android.gms:play-services-basement:17.0.0] AndroidManifest.xml:25:13-66
50    </application>
51
52</manifest>